build/app/intermediates/manifest_merge_blame_file/debug/manifest-merger-blame-debug-report.txt
1<?xml version="1.0" encoding="utf-8"?>
2<manifest xmlns:android="http://schemas.android.com/apk/res/android"
3    package="com.idormy.sms.forwarder.enhanced.debug"
4    android:installLocation="internalOnly"
5    android:versionCode="100055"
6    android:versionName="3.4.0-enhanced.250904" >
7
8    <uses-sdk
9        android:minSdkVersion="19"
9-->src/main/AndroidManifest.xml
10        android:targetSdkVersion="33" />
10-->src/main/AndroidManifest.xml
11
12    <uses-feature
12-->src/main/AndroidManifest.xml:6:5-8:36
13        android:name="android.hardware.telephony"
13-->src/main/AndroidManifest.xml:7:9-50
14        android:required="false" />
14-->src/main/AndroidManifest.xml:8:9-33
15    <uses-feature android:name="android.hardware.camera" />
15-->src/main/AndroidManifest.xml:9:5-60
15-->src/main/AndroidManifest.xml:9:19-57
16    <uses-feature
16-->src/main/AndroidManifest.xml:10:5-12:36
17        android:name="android.hardware.camera.flash"
17-->src/main/AndroidManifest.xml:11:9-53
18        android:required="true" />
18-->src/main/AndroidManifest.xml:12:9-33
19
20    <uses-permission android:name="com.android.permission.GET_INSTALLED_APPS" />
20-->src/main/AndroidManifest.xml:14:5-81
20-->src/main/AndroidManifest.xml:14:22-78
21    <uses-permission android:name="android.permission.QUERY_ALL_PACKAGES" />
21-->src/main/AndroidManifest.xml:15:5-17:53
21-->src/main/AndroidManifest.xml:16:9-61
22    <uses-permission android:name="android.permission.ACCESS_FINE_LOCATION" />
22-->src/main/AndroidManifest.xml:18:5-79
22-->src/main/AndroidManifest.xml:18:22-76
23    <uses-permission android:name="android.permission.ACCESS_COARSE_LOCATION" />
23-->src/main/AndroidManifest.xml:19:5-81
23-->src/main/AndroidManifest.xml:19:22-78
24    <uses-permission android:name="android.permission.ACCESS_BACKGROUND_LOCATION" />
24-->src/main/AndroidManifest.xml:20:5-85
24-->src/main/AndroidManifest.xml:20:22-82
25    <uses-permission android:name="android.permission.CHANGE_WIFI_STATE" />
25-->src/main/AndroidManifest.xml:21:5-76
25-->src/main/AndroidManifest.xml:21:22-73
26    <uses-permission android:name="android.permission.ACCESS_NETWORK_STATE" />
26-->src/main/AndroidManifest.xml:22:5-79
26-->src/main/AndroidManifest.xml:22:22-76
27    <uses-permission android:name="android.permission.ACCESS_WIFI_STATE" />
27-->src/main/AndroidManifest.xml:23:5-76
27-->src/main/AndroidManifest.xml:23:22-73
28    <uses-permission android:name="android.permission.CHANGE_NETWORK_STATE" />
28-->src/main/AndroidManifest.xml:24:5-79
28-->src/main/AndroidManifest.xml:24:22-76
29    <uses-permission android:name="android.permission.INTERNET" />
29-->src/main/AndroidManifest.xml:25:5-67
29-->src/main/AndroidManifest.xml:25:22-64
30    <!-- 授予应用程序访问系统开机事件的权限 -->
31    <uses-permission android:name="android.permission.READ_PRIVILEGED_PHONE_STATE" />
31-->src/main/AndroidManifest.xml:27:5-29:47
31-->src/main/AndroidManifest.xml:28:9-70
32    <uses-permission android:name="android.permission.RECEIVE_BOOT_COMPLETED" />
32-->src/main/AndroidManifest.xml:30:5-81
32-->src/main/AndroidManifest.xml:30:22-78
33    <uses-permission android:name="android.permission.READ_EXTERNAL_STORAGE" />
33-->src/main/AndroidManifest.xml:31:5-80
33-->src/main/AndroidManifest.xml:31:22-77
34    <uses-permission android:name="android.permission.SCHEDULE_EXACT_ALARM" />
34-->src/main/AndroidManifest.xml:32:5-79
34-->src/main/AndroidManifest.xml:32:22-76
35    <uses-permission android:name="android.permission.WRITE_EXTERNAL_STORAGE" />
35-->src/main/AndroidManifest.xml:33:5-81
35-->src/main/AndroidManifest.xml:33:22-78
36    <uses-permission android:name="android.permission.MANAGE_EXTERNAL_STORAGE" />
36-->src/main/AndroidManifest.xml:34:5-36:40
36-->src/main/AndroidManifest.xml:35:9-66
37    <uses-permission android:name="android.permission.RECEIVE_SMS" />
37-->src/main/AndroidManifest.xml:37:5-70
37-->src/main/AndroidManifest.xml:37:22-67
38    <uses-permission android:name="android.permission.RECEIVE_MMS" />
38-->src/main/AndroidManifest.xml:38:5-70
38-->src/main/AndroidManifest.xml:38:22-67
39    <uses-permission android:name="android.permission.RECEIVE_WAP_PUSH" />
39-->src/main/AndroidManifest.xml:39:5-75
39-->src/main/AndroidManifest.xml:39:22-72
40    <uses-permission android:name="android.permission.READ_SMS" />
40-->src/main/AndroidManifest.xml:40:5-67
40-->src/main/AndroidManifest.xml:40:22-64
41    <uses-permission android:name="android.permission.SEND_SMS" />
41-->src/main/AndroidManifest.xml:41:5-67
41-->src/main/AndroidManifest.xml:41:22-64
42    <uses-permission android:name="android.permission.CALL_PHONE" />
42-->src/main/AndroidManifest.xml:42:5-69
42-->src/main/AndroidManifest.xml:42:22-66
43    <uses-permission android:name="android.permission.READ_PHONE_STATE" />
43-->src/main/AndroidManifest.xml:43:5-75
43-->src/main/AndroidManifest.xml:43:22-72
44    <uses-permission android:name="android.permission.READ_PHONE_NUMBERS" />
44-->src/main/AndroidManifest.xml:44:5-77
44-->src/main/AndroidManifest.xml:44:22-74
45    <uses-permission android:name="android.permission.READ_CALL_LOG" />
45-->src/main/AndroidManifest.xml:45:5-72
45-->src/main/AndroidManifest.xml:45:22-69
46    <uses-permission android:name="android.permission.READ_CONTACTS" />
46-->src/main/AndroidManifest.xml:46:5-72
46-->src/main/AndroidManifest.xml:46:22-69
47    <uses-permission android:name="android.permission.WRITE_CONTACTS" />
47-->src/main/AndroidManifest.xml:47:5-73
47-->src/main/AndroidManifest.xml:47:22-70
48    <uses-permission android:name="android.permission.GET_ACCOUNTS" />
48-->src/main/AndroidManifest.xml:48:5-71
48-->src/main/AndroidManifest.xml:48:22-68
49    <!-- Android 9（API 级别 28）或更高版本并使用前台服务，则其必须请求 FOREGROUND_SERVICE 权限 -->
50    <uses-permission android:name="android.permission.FOREGROUND_SERVICE" />
50-->src/main/AndroidManifest.xml:50:5-77
50-->src/main/AndroidManifest.xml:50:22-74
51    <uses-permission android:name="android.permission.REQUEST_IGNORE_BATTERY_OPTIMIZATIONS" />
51-->src/main/AndroidManifest.xml:51:5-95
51-->src/main/AndroidManifest.xml:51:22-92
52    <uses-permission android:name="android.permission.BATTERY_STATS" />
52-->src/main/AndroidManifest.xml:52:5-54:47
52-->src/main/AndroidManifest.xml:53:9-56
53    <uses-permission android:name="android.permission.POST_NOTIFICATIONS" />
53-->src/main/AndroidManifest.xml:55:5-77
53-->src/main/AndroidManifest.xml:55:22-74
54    <uses-permission android:name="android.permission.CANCEL_NOTIFICATIONS " />
54-->src/main/AndroidManifest.xml:56:5-80
54-->src/main/AndroidManifest.xml:56:22-77
55    <uses-permission android:name="android.permission.BIND_NOTIFICATION_LISTENER_SERVICE" />
55-->src/main/AndroidManifest.xml:57:5-59:47
55-->src/main/AndroidManifest.xml:58:9-77
56    <uses-permission android:name="android.permission.ACTION_NOTIFICATION_LISTENER_SETTINGS" />
56-->src/main/AndroidManifest.xml:60:5-96
56-->src/main/AndroidManifest.xml:60:22-93
57    <uses-permission android:name="android.permission.INSTALL_PACKAGES" />
57-->src/main/AndroidManifest.xml:61:5-63:47
57-->src/main/AndroidManifest.xml:62:9-59
58    <uses-permission android:name="android.permission.WRITE_SETTINGS" />
58-->src/main/AndroidManifest.xml:64:5-66:47
58-->src/main/AndroidManifest.xml:65:9-57
59    <!-- 进程杀死 -->
60    <uses-permission android:name="android.permission.KILL_BACKGROUND_PROCESSES" />
60-->src/main/AndroidManifest.xml:68:5-84
60-->src/main/AndroidManifest.xml:68:22-81
61    <uses-permission android:name="android.permission.READ_LOGS" />
61-->src/main/AndroidManifest.xml:69:5-71:47
61-->src/main/AndroidManifest.xml:70:9-52
62    <uses-permission android:name="android.permission.REBOOT" />
62-->src/main/AndroidManifest.xml:72:5-74:47
62-->src/main/AndroidManifest.xml:73:9-49
63    <uses-permission android:name="android.permission.BLUETOOTH" />
63-->src/main/AndroidManifest.xml:75:5-68
63-->src/main/AndroidManifest.xml:75:22-65
64    <uses-permission android:name="android.permission.BLUETOOTH_ADMIN" />
64-->src/main/AndroidManifest.xml:76:5-74
64-->src/main/AndroidManifest.xml:76:22-71
65    <uses-permission android:name="android.permission.BLUETOOTH_CONNECT" />
65-->src/main/AndroidManifest.xml:77:5-76
65-->src/main/AndroidManifest.xml:77:22-73
66    <uses-permission android:name="android.permission.BLUETOOTH_SCAN" />
66-->src/main/AndroidManifest.xml:78:5-73
66-->src/main/AndroidManifest.xml:78:22-70
67    <uses-permission android:name="android.permission.BLUETOOTH_ADVERTISE" />
67-->src/main/AndroidManifest.xml:79:5-78
67-->src/main/AndroidManifest.xml:79:22-75
68    <uses-permission android:name="android.permission.VIBRATE" />
68-->src/main/AndroidManifest.xml:80:5-66
68-->src/main/AndroidManifest.xml:80:22-63
69    <uses-permission android:name="android.permission.CAMERA" />
69-->src/main/AndroidManifest.xml:81:5-65
69-->src/main/AndroidManifest.xml:81:22-62
70    <uses-permission android:name="android.permission.GET_TASKS" />
70-->[com.gyf.cactus:cactus:1.1.3-beta13] AndroidManifest.xml:11:5-68
70-->[com.gyf.cactus:cactus:1.1.3-beta13] AndroidManifest.xml:11:22-65
71    <uses-permission android:name="android.permission.WAKE_LOCK" />
71-->[androidx.work:work-runtime:2.8.1] AndroidManifest.xml:23:5-68
71-->[androidx.work:work-runtime:2.8.1] AndroidManifest.xml:23:22-65
72
73    <permission
73-->[androidx.core:core:1.9.0] AndroidManifest.xml:22:5-24:47
74        android:name="com.idormy.sms.forwarder.enhanced.debug.DYNAMIC_RECEIVER_NOT_EXPORTED_PERMISSION"
74-->[androidx.core:core:1.9.0] AndroidManifest.xml:23:9-81
75        android:protectionLevel="signature" />
75-->[androidx.core:core:1.9.0] AndroidManifest.xml:24:9-44
76
77    <uses-permission android:name="com.idormy.sms.forwarder.enhanced.debug.DYNAMIC_RECEIVER_NOT_EXPORTED_PERMISSION" />
77-->[androidx.core:core:1.9.0] AndroidManifest.xml:26:5-97
77-->[androidx.core:core:1.9.0] AndroidManifest.xml:26:22-94
78    <uses-permission android:name="com.google.android.gms.permission.AD_ID" />
78-->[com.umeng.umsdk:common:9.6.8] AndroidManifest.xml:11:5-79
78-->[com.umeng.umsdk:common:9.6.8] AndroidManifest.xml:11:22-76
79    <uses-permission android:name="android.permission.MOUNT_UNMOUNT_FILESYSTEMS" /> <!-- 悬浮窗 -->
79-->[com.github.pppscn:XHttp2:2.0.10] AndroidManifest.xml:11:5-13:47
79-->[com.github.pppscn:XHttp2:2.0.10] AndroidManifest.xml:12:9-68
80    <uses-permission android:name="android.permission.SYSTEM_ALERT_WINDOW" />
80-->[com.github.pppscn.XUtil:xutil-sub:2.0.0] AndroidManifest.xml:40:5-78
80-->[com.github.pppscn.XUtil:xutil-sub:2.0.0] AndroidManifest.xml:40:22-75
81    <uses-permission android:name="android.permission.REQUEST_INSTALL_PACKAGES" />
81-->[com.github.pppscn.XUtil:xutil-sub:2.0.0] AndroidManifest.xml:45:5-83
81-->[com.github.pppscn.XUtil:xutil-sub:2.0.0] AndroidManifest.xml:45:22-80
82    <uses-permission android:name="android.permission.READ_CALENDAR" />
82-->[com.github.pppscn.XUtil:xutil-sub:2.0.0] AndroidManifest.xml:54:5-72
82-->[com.github.pppscn.XUtil:xutil-sub:2.0.0] AndroidManifest.xml:54:22-69
83    <uses-permission android:name="android.permission.RECORD_AUDIO" /> <!-- 修改手机状态 -->
83-->[com.github.pppscn.XUtil:xutil-sub:2.0.0] AndroidManifest.xml:55:5-71
83-->[com.github.pppscn.XUtil:xutil-sub:2.0.0] AndroidManifest.xml:55:22-68
84    <uses-permission android:name="android.permission.MODIFY_PHONE_STATE" />
84-->[com.github.pppscn.XUtil:xutil-sub:2.0.0] AndroidManifest.xml:57:5-59:47
84-->[com.github.pppscn.XUtil:xutil-sub:2.0.0] AndroidManifest.xml:58:9-61
85    <uses-permission android:name="android.permission.FLASHLIGHT" />
85-->[com.github.pppscn.XUtil:xutil-sub:2.0.0] AndroidManifest.xml:62:5-69
85-->[com.github.pppscn.XUtil:xutil-sub:2.0.0] AndroidManifest.xml:62:22-66
86
87    <uses-feature android:name="android.hardware.camera.autofocus" /> <!-- 状态栏权限 -->
87-->[com.github.pppscn.XUtil:xutil-sub:2.0.0] AndroidManifest.xml:65:5-70
87-->[com.github.pppscn.XUtil:xutil-sub:2.0.0] AndroidManifest.xml:65:19-67
88    <uses-permission android:name="android.permission.EXPAND_STATUS_BAR" />
88-->[com.github.pppscn.XUtil:xutil-sub:2.0.0] AndroidManifest.xml:71:5-76
88-->[com.github.pppscn.XUtil:xutil-sub:2.0.0] AndroidManifest.xml:71:22-73
89
90    <application
90-->src/main/AndroidManifest.xml:83:5-381:19
91        android:name="com.idormy.sms.forwarder.App"
91-->src/main/AndroidManifest.xml:84:9-28
92        android:allowBackup="true"
92-->[gatewayapps.crondroid:crondroid:1.0.0] AndroidManifest.xml:12:9-35
93        android:appComponentFactory="androidx.core.app.CoreComponentFactory"
93-->[androidx.core:core:1.9.0] AndroidManifest.xml:28:18-86
94        android:configChanges="screenSize|keyboardHidden|orientation|keyboard"
94-->src/main/AndroidManifest.xml:85:9-79
95        android:debuggable="true"
96        android:defaultToDeviceProtectedStorage="true"
96-->src/main/AndroidManifest.xml:86:9-55
97        android:directBootAware="true"
97-->src/main/AndroidManifest.xml:87:9-39
98        android:enableOnBackInvokedCallback="false"
98-->src/main/AndroidManifest.xml:88:9-52
99        android:fullBackupContent="@xml/backup_descriptor"
99-->src/main/AndroidManifest.xml:89:9-59
100        android:hardwareAccelerated="true"
100-->src/main/AndroidManifest.xml:90:9-43
101        android:icon="@mipmap/ic_launcher"
101-->src/main/AndroidManifest.xml:91:9-43
102        android:label="@string/app_name"
102-->src/main/AndroidManifest.xml:92:9-41
103        android:largeHeap="true"
103-->src/main/AndroidManifest.xml:93:9-33
104        android:networkSecurityConfig="@xml/network_security_config"
104-->src/main/AndroidManifest.xml:94:9-69
105        android:requestLegacyExternalStorage="true"
105-->src/main/AndroidManifest.xml:95:9-52
106        android:roundIcon="@mipmap/ic_launcher"
106-->src/main/AndroidManifest.xml:96:9-48
107        android:supportsRtl="true"
107-->src/main/AndroidManifest.xml:97:9-35
108        android:theme="@style/AppTheme"
108-->src/main/AndroidManifest.xml:98:9-40
109        android:usesCleartextTraffic="true"
109-->src/main/AndroidManifest.xml:99:9-44
110        android:windowSoftInputMode="adjustPan|stateHidden" >
110-->src/main/AndroidManifest.xml:100:9-60
111        <meta-data
111-->src/main/AndroidManifest.xml:103:9-105:36
112            android:name="ScopedStorage"
112-->src/main/AndroidManifest.xml:104:13-41
113            android:value="true" />
113-->src/main/AndroidManifest.xml:105:13-33
114
115        <activity
115-->src/main/AndroidManifest.xml:107:9-122:20
116            android:name="com.idormy.sms.forwarder.activity.SplashActivity"
116-->src/main/AndroidManifest.xml:108:13-52
117            android:configChanges="screenSize|keyboardHidden|orientation|keyboard"
117-->src/main/AndroidManifest.xml:109:13-83
118            android:excludeFromRecents="true"
118-->src/main/AndroidManifest.xml:110:13-46
119            android:exported="true"
119-->src/main/AndroidManifest.xml:111:13-36
120            android:screenOrientation="portrait"
120-->src/main/AndroidManifest.xml:112:13-49
121            android:taskAffinity=":splash"
121-->src/main/AndroidManifest.xml:113:13-43
122            android:theme="@style/AppTheme.Launch.App"
122-->src/main/AndroidManifest.xml:114:13-55
123            android:windowSoftInputMode="adjustPan|stateHidden" >
123-->src/main/AndroidManifest.xml:115:13-64
124            <intent-filter>
124-->src/main/AndroidManifest.xml:118:13-121:29
125                <action android:name="android.intent.action.MAIN" />
125-->src/main/AndroidManifest.xml:119:17-69
125-->src/main/AndroidManifest.xml:119:25-66
126
127                <category android:name="android.intent.category.LAUNCHER" />
127-->src/main/AndroidManifest.xml:120:17-77
127-->src/main/AndroidManifest.xml:120:27-74
128            </intent-filter>
129        </activity>
130        <activity
130-->src/main/AndroidManifest.xml:123:9-129:45
131            android:name="com.idormy.sms.forwarder.activity.MainActivity"
131-->src/main/AndroidManifest.xml:124:13-50
132            android:configChanges="screenSize|keyboardHidden|orientation|keyboard"
132-->src/main/AndroidManifest.xml:125:13-83
133            android:exported="true"
133-->src/main/AndroidManifest.xml:126:13-36
134            android:screenOrientation="portrait"
134-->src/main/AndroidManifest.xml:127:13-49
135            android:windowSoftInputMode="adjustPan|stateHidden" />
135-->src/main/AndroidManifest.xml:128:13-64
136        <activity
136-->src/main/AndroidManifest.xml:130:9-137:45
137            android:name="com.idormy.sms.forwarder.activity.ClientActivity"
137-->src/main/AndroidManifest.xml:131:13-52
138            android:configChanges="screenSize|keyboardHidden|orientation|keyboard"
138-->src/main/AndroidManifest.xml:132:13-83
139            android:exported="true"
139-->src/main/AndroidManifest.xml:133:13-36
140            android:launchMode="singleInstance"
140-->src/main/AndroidManifest.xml:134:13-48
141            android:screenOrientation="portrait"
141-->src/main/AndroidManifest.xml:135:13-49
142            android:windowSoftInputMode="adjustPan|stateHidden" />
142-->src/main/AndroidManifest.xml:136:13-64
143        <activity
143-->src/main/AndroidManifest.xml:138:9-145:45
144            android:name="com.idormy.sms.forwarder.activity.TaskActivity"
144-->src/main/AndroidManifest.xml:139:13-50
145            android:configChanges="screenSize|keyboardHidden|orientation|keyboard"
145-->src/main/AndroidManifest.xml:140:13-83
146            android:exported="true"
146-->src/main/AndroidManifest.xml:141:13-36
147            android:launchMode="singleInstance"
147-->src/main/AndroidManifest.xml:142:13-48
148            android:screenOrientation="portrait"
148-->src/main/AndroidManifest.xml:143:13-49
149            android:windowSoftInputMode="adjustPan|stateHidden" />
149-->src/main/AndroidManifest.xml:144:13-64
150        <!-- 通用浏览器 -->
151        <activity
151-->src/main/AndroidManifest.xml:147:9-191:20
152            android:name="com.idormy.sms.forwarder.core.webview.AgentWebActivity"
152-->src/main/AndroidManifest.xml:148:13-58
153            android:configChanges="screenSize|keyboardHidden|orientation|keyboard"
153-->src/main/AndroidManifest.xml:149:13-83
154            android:exported="true"
154-->src/main/AndroidManifest.xml:150:13-36
155            android:hardwareAccelerated="true"
155-->src/main/AndroidManifest.xml:151:13-47
156            android:label="@string/app_browser_name"
156-->src/main/AndroidManifest.xml:152:13-53
157            android:theme="@style/AppTheme" >
157-->src/main/AndroidManifest.xml:153:13-44
158
159            <!-- Scheme -->
160            <intent-filter>
160-->src/main/AndroidManifest.xml:155:13-166:29
161                <action android:name="android.intent.action.VIEW" />
161-->src/main/AndroidManifest.xml:156:17-69
161-->src/main/AndroidManifest.xml:156:25-66
162                <action android:name="com.xuexiang.xui.applink" />
162-->src/main/AndroidManifest.xml:157:17-67
162-->src/main/AndroidManifest.xml:157:25-64
163
164                <category android:name="android.intent.category.DEFAULT" />
164-->src/main/AndroidManifest.xml:159:17-76
164-->src/main/AndroidManifest.xml:159:27-73
165                <category android:name="android.intent.category.BROWSABLE" />
165-->src/main/AndroidManifest.xml:160:17-78
165-->src/main/AndroidManifest.xml:160:27-75
166
167                <data android:scheme="http" />
167-->src/main/AndroidManifest.xml:162:17-47
167-->src/main/AndroidManifest.xml:162:23-44
168                <data android:scheme="https" />
168-->src/main/AndroidManifest.xml:162:17-47
168-->src/main/AndroidManifest.xml:162:23-44
169                <data android:scheme="about" />
169-->src/main/AndroidManifest.xml:162:17-47
169-->src/main/AndroidManifest.xml:162:23-44
170                <data android:scheme="javascript" />
170-->src/main/AndroidManifest.xml:162:17-47
170-->src/main/AndroidManifest.xml:162:23-44
171            </intent-filter>
172            <!-- AppLink -->
173            <intent-filter android:autoVerify="true" >
173-->src/main/AndroidManifest.xml:168:13-190:29
173-->src/main/AndroidManifest.xml:169:17-42
174                <action android:name="android.intent.action.VIEW" />
174-->src/main/AndroidManifest.xml:156:17-69
174-->src/main/AndroidManifest.xml:156:25-66
175
176                <category android:name="android.intent.category.BROWSABLE" />
176-->src/main/AndroidManifest.xml:160:17-78
176-->src/main/AndroidManifest.xml:160:27-75
177                <category android:name="android.intent.category.DEFAULT" />
177-->src/main/AndroidManifest.xml:159:17-76
177-->src/main/AndroidManifest.xml:159:27-73
178
179                <data android:scheme="http" />
179-->src/main/AndroidManifest.xml:162:17-47
179-->src/main/AndroidManifest.xml:162:23-44
180                <data android:scheme="https" />
180-->src/main/AndroidManifest.xml:162:17-47
180-->src/main/AndroidManifest.xml:162:23-44
181                <data android:scheme="inline" />
181-->src/main/AndroidManifest.xml:162:17-47
181-->src/main/AndroidManifest.xml:162:23-44
182                <data android:mimeType="text/html" />
182-->src/main/AndroidManifest.xml:162:17-47
182-->src/main/AndroidManifest.xml:179:23-51
183                <data android:mimeType="text/plain" />
183-->src/main/AndroidManifest.xml:162:17-47
183-->src/main/AndroidManifest.xml:179:23-51
184                <data android:mimeType="application/xhtml+xml" />
184-->src/main/AndroidManifest.xml:162:17-47
184-->src/main/AndroidManifest.xml:179:23-51
185                <data android:mimeType="application/vnd.wap.xhtml+xml" />
185-->src/main/AndroidManifest.xml:162:17-47
185-->src/main/AndroidManifest.xml:179:23-51
186                <!-- 设置自己的applink -->
187                <!-- <data -->
188                <!-- android:host="xxx.com" -->
189                <!-- android:scheme="http"/> -->
190                <!-- <data -->
191                <!-- android:host="xxx.com" -->
192                <!-- android:scheme="https"/> -->
193            </intent-filter>
194        </activity>
195
196        <!-- fragment的页面容器 -->
197        <activity
197-->src/main/AndroidManifest.xml:194:9-200:45
198            android:name="com.idormy.sms.forwarder.core.BaseActivity"
198-->src/main/AndroidManifest.xml:195:13-46
199            android:configChanges="screenSize|keyboardHidden|orientation|keyboard"
199-->src/main/AndroidManifest.xml:196:13-83
200            android:exported="true"
200-->src/main/AndroidManifest.xml:197:13-36
201            android:screenOrientation="portrait"
201-->src/main/AndroidManifest.xml:198:13-49
202            android:windowSoftInputMode="adjustPan|stateHidden" />
202-->src/main/AndroidManifest.xml:199:13-64
203        <!-- 版本更新提示 -->
204        <activity
204-->src/main/AndroidManifest.xml:202:9-207:45
205            android:name="com.idormy.sms.forwarder.utils.update.UpdateTipDialog"
205-->src/main/AndroidManifest.xml:203:13-57
206            android:exported="true"
206-->src/main/AndroidManifest.xml:204:13-36
207            android:screenOrientation="portrait"
207-->src/main/AndroidManifest.xml:205:13-49
208            android:theme="@style/DialogTheme" />
208-->src/main/AndroidManifest.xml:206:13-47
209        <!-- Webview拦截提示弹窗 -->
210        <activity
210-->src/main/AndroidManifest.xml:209:9-214:45
211            android:name="com.idormy.sms.forwarder.core.webview.WebViewInterceptDialog"
211-->src/main/AndroidManifest.xml:210:13-64
212            android:exported="true"
212-->src/main/AndroidManifest.xml:211:13-36
213            android:screenOrientation="portrait"
213-->src/main/AndroidManifest.xml:212:13-49
214            android:theme="@style/DialogTheme" />
214-->src/main/AndroidManifest.xml:213:13-47
215        <!-- applink的中转页面 -->
216        <activity
216-->src/main/AndroidManifest.xml:216:9-222:45
217            android:name="com.idormy.sms.forwarder.core.XPageTransferActivity"
217-->src/main/AndroidManifest.xml:217:13-55
218            android:configChanges="screenSize|keyboardHidden|orientation|keyboard"
218-->src/main/AndroidManifest.xml:218:13-83
219            android:exported="true"
219-->src/main/AndroidManifest.xml:219:13-36
220            android:screenOrientation="portrait"
220-->src/main/AndroidManifest.xml:220:13-49
221            android:windowSoftInputMode="adjustPan|stateHidden" />
221-->src/main/AndroidManifest.xml:221:13-64
222
223        <!-- 屏幕自适应设计图 -->
224        <meta-data
224-->src/main/AndroidManifest.xml:225:9-228:35
225            android:name="design_width_in_dp"
225-->src/main/AndroidManifest.xml:226:13-46
226            android:exported="true"
226-->src/main/AndroidManifest.xml:227:13-36
227            android:value="360" />
227-->src/main/AndroidManifest.xml:228:13-32
228        <meta-data
228-->src/main/AndroidManifest.xml:229:9-232:35
229            android:name="design_height_in_dp"
229-->src/main/AndroidManifest.xml:230:13-47
230            android:exported="true"
230-->src/main/AndroidManifest.xml:231:13-36
231            android:value="640" />
231-->src/main/AndroidManifest.xml:232:13-32
232
233        <service
233-->src/main/AndroidManifest.xml:234:9-237:40
234            android:name="com.idormy.sms.forwarder.service.BluetoothScanService"
234-->src/main/AndroidManifest.xml:235:13-57
235            android:enabled="true"
235-->src/main/AndroidManifest.xml:236:13-35
236            android:exported="false" />
236-->src/main/AndroidManifest.xml:237:13-37
237        <service
237-->src/main/AndroidManifest.xml:238:9-240:38
238            android:name="com.idormy.sms.forwarder.service.ForegroundService"
238-->src/main/AndroidManifest.xml:239:13-54
239            android:enabled="true" />
239-->src/main/AndroidManifest.xml:240:13-35
240        <service
240-->src/main/AndroidManifest.xml:241:9-243:38
241            android:name="com.idormy.sms.forwarder.service.HttpServerService"
241-->src/main/AndroidManifest.xml:242:13-54
242            android:enabled="true" />
242-->src/main/AndroidManifest.xml:243:13-35
243        <service
243-->src/main/AndroidManifest.xml:244:9-247:56
244            android:name="com.idormy.sms.forwarder.service.LocationService"
244-->src/main/AndroidManifest.xml:245:13-52
245            android:enabled="true"
245-->src/main/AndroidManifest.xml:246:13-35
246            android:foregroundServiceType="location" />
246-->src/main/AndroidManifest.xml:247:13-53
247        <service
247-->src/main/AndroidManifest.xml:248:9-257:19
248            android:name="com.idormy.sms.forwarder.service.NotificationService"
248-->src/main/AndroidManifest.xml:249:13-56
249            android:enabled="true"
249-->src/main/AndroidManifest.xml:250:13-35
250            android:exported="false"
250-->src/main/AndroidManifest.xml:251:13-37
251            android:label="@string/app_name"
251-->src/main/AndroidManifest.xml:252:13-45
252            android:permission="android.permission.BIND_NOTIFICATION_LISTENER_SERVICE" >
252-->src/main/AndroidManifest.xml:253:13-87
253            <intent-filter>
253-->src/main/AndroidManifest.xml:254:13-256:29
254                <action android:name="android.service.notification.NotificationListenerService" />
254-->src/main/AndroidManifest.xml:255:17-99
254-->src/main/AndroidManifest.xml:255:25-96
255            </intent-filter>
256        </service>
257
258        <receiver
258-->src/main/AndroidManifest.xml:259:9-265:20
259            android:name="com.idormy.sms.forwarder.receiver.BatteryReceiver"
259-->src/main/AndroidManifest.xml:260:13-53
260            android:exported="true" >
260-->src/main/AndroidManifest.xml:261:13-36
261            <intent-filter>
261-->src/main/AndroidManifest.xml:262:13-264:29
262                <action android:name="android.intent.action.BATTERY_CHANGED" />
262-->src/main/AndroidManifest.xml:263:17-80
262-->src/main/AndroidManifest.xml:263:25-77
263            </intent-filter>
264        </receiver>
265        <receiver
265-->src/main/AndroidManifest.xml:266:9-289:20
266            android:name="com.idormy.sms.forwarder.receiver.BluetoothReceiver"
266-->src/main/AndroidManifest.xml:267:13-55
267            android:exported="true" >
267-->src/main/AndroidManifest.xml:268:13-36
268            <intent-filter>
268-->src/main/AndroidManifest.xml:269:13-288:29
269
270                <!-- 蓝牙设备发现 -->
271                <action android:name="android.bluetooth.device.action.FOUND" />
271-->src/main/AndroidManifest.xml:271:17-80
271-->src/main/AndroidManifest.xml:271:25-77
272                <!-- 蓝牙扫描完成 -->
273                <action android:name="android.bluetooth.adapter.action.DISCOVERY_FINISHED" />
273-->src/main/AndroidManifest.xml:273:17-94
273-->src/main/AndroidManifest.xml:273:25-91
274                <!-- 蓝牙状态改变 -->
275                <action android:name="android.bluetooth.adapter.action.STATE_CHANGED" />
275-->src/main/AndroidManifest.xml:275:17-89
275-->src/main/AndroidManifest.xml:275:25-86
276                <!-- 蓝牙扫描模式改变 -->
277                <action android:name="android.bluetooth.adapter.action.SCAN_MODE_CHANGED" />
277-->src/main/AndroidManifest.xml:277:17-93
277-->src/main/AndroidManifest.xml:277:25-90
278                <!-- 本地蓝牙名称改变 -->
279                <action android:name="android.bluetooth.adapter.action.LOCAL_NAME_CHANGED" />
279-->src/main/AndroidManifest.xml:279:17-94
279-->src/main/AndroidManifest.xml:279:25-91
280                <!-- 蓝牙连接状态改变 -->
281                <action android:name="android.bluetooth.adapter.action.CONNECTION_STATE_CHANGED" />
281-->src/main/AndroidManifest.xml:281:17-100
281-->src/main/AndroidManifest.xml:281:25-97
282                <!-- 蓝牙设备配对状态改变 -->
283                <action android:name="android.bluetooth.device.action.BOND_STATE_CHANGED" />
283-->src/main/AndroidManifest.xml:283:17-93
283-->src/main/AndroidManifest.xml:283:25-90
284                <!-- 蓝牙设备连接 -->
285                <action android:name="android.bluetooth.device.action.ACL_CONNECTED" />